[2018-07-30 17:09:05] local.ERROR: Class 'Illuminate/Auth/AuthServiceProvider' not found {"exception":"[object] (Symfony\\Component\\Debug\\Exception\\FatalThrowableError(code: 0): Class 'Illuminate/Auth/AuthServiceProvider' not found at C:\\xampp\\htdocs\\intranet3\\vendor\\laravel\\framework\\src\\Illuminate\\Foundation\\ProviderRepository.php:208)
[stacktrace]
#0 C:\\xampp\\htdocs\\intranet3\\vendor\\laravel\\framework\\src\\Illuminate\\Foundation\\ProviderRepository.php(144): Illuminate\\Foundation\\ProviderRepository->createProvider('Illuminate/Auth...')
#1 C:\\xampp\\htdocs\\intranet3\\vendor\\laravel\\framework\\src\\Illuminate\\Foundation\\ProviderRepository.php(61): Illuminate\\Foundation\\ProviderRepository->compileManifest(Array)
#2 C:\\xampp\\htdocs\\intranet3\\vendor\\laravel\\framework\\src\\Illuminate\\Foundation\\Application.php(548): Illuminate\\Foundation\\ProviderRepository->load(Array)
#3 C:\\xampp\\htdocs\\intranet3\\vendor\\laravel\\framework\\src\\Illuminate\\Foundation\\Bootstrap\\RegisterProviders.php(17): Illuminate\\Foundation\\Application->registerConfiguredProviders()
#4 C:\\xampp\\htdocs\\intranet3\\vendor\\laravel\\framework\\src\\Illuminate\\Foundation\\Application.php(206): Illuminate\\Foundation\\Bootstrap\\RegisterProviders->bootstrap(Object(Illuminate\\Foundation\\Application))
#5 C:\\xampp\\htdocs\\intranet3\\vendor\\laravel\\framework\\src\\Illuminate\\Foundation\\Http\\Kernel.php(162): Illuminate\\Foundation\\Application->bootstrapWith(Array)
#6 C:\\xampp\\htdocs\\intranet3\\vendor\\laravel\\framework\\src\\Illuminate\\Foundation\\Http\\Kernel.php(146): Illuminate\\Foundation\\Http\\Kernel->bootstrap()
#7 C:\\xampp\\htdocs\\intranet3\\vendor\\laravel\\framework\\src\\Illuminate\\Foundation\\Http\\Kernel.php(116): Illuminate\\Foundation\\Http\\Kernel->sendRequestThroughRouter(Object(Illuminate\\Http\\Request))
#8 C:\\xampp\\htdocs\\intranet3\\public\\index.php(55): Illuminate\\Foundation\\Http\\Kernel->handle(Object(Illuminate\\Http\\Request))
#9 {main}
"} 
[2018-07-30 17:23:03] local.ERROR: The only supported ciphers are AES-128-CBC and AES-256-CBC with the correct key lengths. {"exception":"[object] (RuntimeException(code: 0): The only supported ciphers are AES-128-CBC and AES-256-CBC with the correct key lengths. at C:\\xampp\\htdocs\\intranet3\\vendor\\laravel\\framework\\src\\Illuminate\\Encryption\\Encrypter.php:43)
[stacktrace]
#0 C:\\xampp\\htdocs\\intranet3\\vendor\\laravel\\framework\\src\\Illuminate\\Encryption\\EncryptionServiceProvider.php(28): Illuminate\\Encryption\\Encrypter->__construct('\\xACm\\xFA\\xD8\\xEE\\x08_g\\xE80!\\v\\x8A\\xA8-...', 'AES-256-CBC')
#1 C:\\xampp\\htdocs\\intranet3\\vendor\\laravel\\framework\\src\\Illuminate\\Container\\Container.php(764): Illuminate\\Encryption\\EncryptionServiceProvider->Illuminate\\Encryption\\{closure}(Object(Illuminate\\Foundation\\Application), Array)
#2 C:\\xampp\\htdocs\\intranet3\\vendor\\laravel\\framework\\src\\Illuminate\\Container\\Container.php(646): Illuminate\\Container\\Container->build(Object(Closure))
#3 C:\\xampp\\htdocs\\intranet3\\vendor\\laravel\\framework\\src\\Illuminate\\Container\\Container.php(601): Illuminate\\Container\\Container->resolve('encrypter', Array)
#4 C:\\xampp\\htdocs\\intranet3\\vendor\\laravel\\framework\\src\\Illuminate\\Foundation\\Application.php(734): Illuminate\\Container\\Container->make('encrypter', Array)
#5 C:\\xampp\\htdocs\\intranet3\\vendor\\laravel\\framework\\src\\Illuminate\\Container\\Container.php(900): Illuminate\\Foundation\\Application->make('encrypter')
#6 C:\\xampp\\htdocs\\intranet3\\vendor\\laravel\\framework\\src\\Illuminate\\Container\\Container.php(828): Illuminate\\Container\\Container->resolveClass(Object(ReflectionParameter))
#7 C:\\xampp\\htdocs\\intranet3\\vendor\\laravel\\framework\\src\\Illuminate\\Container\\Container.php(795): Illuminate\\Container\\Container->resolveDependencies(Array)
#8 C:\\xampp\\htdocs\\intranet3\\vendor\\laravel\\framework\\src\\Illuminate\\Container\\Container.php(646): Illuminate\\Container\\Container->build('App\\\\Http\\\\Middle...')
#9 C:\\xampp\\htdocs\\intranet3\\vendor\\laravel\\framework\\src\\Illuminate\\Container\\Container.php(601): Illuminate\\Container\\Container->resolve('App\\\\Http\\\\Middle...', Array)
#10 C:\\xampp\\htdocs\\intranet3\\vendor\\laravel\\framework\\src\\Illuminate\\Foundation\\Application.php(734): Illuminate\\Container\\Container->make('App\\\\Http\\\\Middle...', Array)
#11 C:\\xampp\\htdocs\\intranet3\\vendor\\laravel\\framework\\src\\Illuminate\\Pipeline\\Pipeline.php(140): Illuminate\\Foundation\\Application->make('App\\\\Http\\\\Middle...')
#12 C:\\xampp\\htdocs\\intranet3\\vendor\\laravel\\framework\\src\\Illuminate\\Routing\\Pipeline.php(53): Illuminate\\Pipeline\\Pipeline->Illuminate\\Pipeline\\{closure}(Object(Illuminate\\Http\\Request))
#13 C:\\xampp\\htdocs\\intranet3\\vendor\\laravel\\framework\\src\\Illuminate\\Pipeline\\Pipeline.php(104): Illuminate\\Routing\\Pipeline->Illuminate\\Routing\\{closure}(Object(Illuminate\\Http\\Request))
#14 C:\\xampp\\htdocs\\intranet3\\vendor\\laravel\\framework\\src\\Illuminate\\Routing\\Router.php(667): Illuminate\\Pipeline\\Pipeline->then(Object(Closure))
#15 C:\\xampp\\htdocs\\intranet3\\vendor\\laravel\\framework\\src\\Illuminate\\Routing\\Router.php(642): Illuminate\\Routing\\Router->runRouteWithinStack(Object(Illuminate\\Routing\\Route), Object(Illuminate\\Http\\Request))
#16 C:\\xampp\\htdocs\\intranet3\\vendor\\laravel\\framework\\src\\Illuminate\\Routing\\Router.php(608): Illuminate\\Routing\\Router->runRoute(Object(Illuminate\\Http\\Request), Object(Illuminate\\Routing\\Route))
#17 C:\\xampp\\htdocs\\intranet3\\vendor\\laravel\\framework\\src\\Illuminate\\Routing\\Router.php(597): Illuminate\\Routing\\Router->dispatchToRoute(Object(Illuminate\\Http\\Request))
#18 C:\\xampp\\htdocs\\intranet3\\vendor\\laravel\\framework\\src\\Illuminate\\Foundation\\Http\\Kernel.php(176): Illuminate\\Routing\\Router->dispatch(Object(Illuminate\\Http\\Request))
#19 C:\\xampp\\htdocs\\intranet3\\vendor\\laravel\\framework\\src\\Illuminate\\Routing\\Pipeline.php(30): Illuminate\\Foundation\\Http\\Kernel->Illuminate\\Foundation\\Http\\{closure}(Object(Illuminate\\Http\\Request))
#20 C:\\xampp\\htdocs\\intranet3\\vendor\\fideloper\\proxy\\src\\TrustProxies.php(57): Illuminate\\Routing\\Pipeline->Illuminate\\Routing\\{closure}(Object(Illuminate\\Http\\Request))
#21 C:\\xampp\\htdocs\\intranet3\\vendor\\laravel\\framework\\src\\Illuminate\\Pipeline\\Pipeline.php(151): Fideloper\\Proxy\\TrustProxies->handle(Object(Illuminate\\Http\\Request), Object(Closure))
#22 C:\\xampp\\htdocs\\intranet3\\vendor\\laravel\\framework\\src\\Illuminate\\Routing\\Pipeline.php(53): Illuminate\\Pipeline\\Pipeline->Illuminate\\Pipeline\\{closure}(Object(Illuminate\\Http\\Request))
#23 C:\\xampp\\htdocs\\intranet3\\vendor\\laravel\\framework\\src\\Illuminate\\Foundation\\Http\\Middleware\\TransformsRequest.php(31): Illuminate\\Routing\\Pipeline->Illuminate\\Routing\\{closure}(Object(Illuminate\\Http\\Request))
#24 C:\\xampp\\htdocs\\intranet3\\vendor\\laravel\\framework\\src\\Illuminate\\Pipeline\\Pipeline.php(151): Illuminate\\Foundation\\Http\\Middleware\\TransformsRequest->handle(Object(Illuminate\\Http\\Request), Object(Closure))
#25 C:\\xampp\\htdocs\\intranet3\\vendor\\laravel\\framework\\src\\Illuminate\\Routing\\Pipeline.php(53): Illuminate\\Pipeline\\Pipeline->Illuminate\\Pipeline\\{closure}(Object(Illuminate\\Http\\Request))
#26 C:\\xampp\\htdocs\\intranet3\\vendor\\laravel\\framework\\src\\Illuminate\\Foundation\\Http\\Middleware\\TransformsRequest.php(31): Illuminate\\Routing\\Pipeline->Illuminate\\Routing\\{closure}(Object(Illuminate\\Http\\Request))
#27 C:\\xampp\\htdocs\\intranet3\\vendor\\laravel\\framework\\src\\Illuminate\\Pipeline\\Pipeline.php(151): Illuminate\\Foundation\\Http\\Middleware\\TransformsRequest->handle(Object(Illuminate\\Http\\Request), Object(Closure))
#28 C:\\xampp\\htdocs\\intranet3\\vendor\\laravel\\framework\\src\\Illuminate\\Routing\\Pipeline.php(53): Illuminate\\Pipeline\\Pipeline->Illuminate\\Pipeline\\{closure}(Object(Illuminate\\Http\\Request))
#29 C:\\xampp\\htdocs\\intranet3\\vendor\\laravel\\framework\\src\\Illuminate\\Foundation\\Http\\Middleware\\ValidatePostSize.php(27): Illuminate\\Routing\\Pipeline->Illuminate\\Routing\\{closure}(Object(Illuminate\\Http\\Request))
#30 C:\\xampp\\htdocs\\intranet3\\vendor\\laravel\\framework\\src\\Illuminate\\Pipeline\\Pipeline.php(151): Illuminate\\Foundation\\Http\\Middleware\\ValidatePostSize->handle(Object(Illuminate\\Http\\Request), Object(Closure))
#31 C:\\xampp\\htdocs\\intranet3\\vendor\\laravel\\framework\\src\\Illuminate\\Routing\\Pipeline.php(53): Illuminate\\Pipeline\\Pipeline->Illuminate\\Pipeline\\{closure}(Object(Illuminate\\Http\\Request))
#32 C:\\xampp\\htdocs\\intranet3\\vendor\\laravel\\framework\\src\\Illuminate\\Foundation\\Http\\Middleware\\CheckForMaintenanceMode.php(62): Illuminate\\Routing\\Pipeline->Illuminate\\Routing\\{closure}(Object(Illuminate\\Http\\Request))
#33 C:\\xampp\\htdocs\\intranet3\\vendor\\laravel\\framework\\src\\Illuminate\\Pipeline\\Pipeline.php(151): Illuminate\\Foundation\\Http\\Middleware\\CheckForMaintenanceMode->handle(Object(Illuminate\\Http\\Request), Object(Closure))
#34 C:\\xampp\\htdocs\\intranet3\\vendor\\laravel\\framework\\src\\Illuminate\\Routing\\Pipeline.php(53): Illuminate\\Pipeline\\Pipeline->Illuminate\\Pipeline\\{closure}(Object(Illuminate\\Http\\Request))
#35 C:\\xampp\\htdocs\\intranet3\\vendor\\laravel\\framework\\src\\Illuminate\\Pipeline\\Pipeline.php(104): Illuminate\\Routing\\Pipeline->Illuminate\\Routing\\{closure}(Object(Illuminate\\Http\\Request))
#36 C:\\xampp\\htdocs\\intranet3\\vendor\\laravel\\framework\\src\\Illuminate\\Foundation\\Http\\Kernel.php(151): Illuminate\\Pipeline\\Pipeline->then(Object(Closure))
#37 C:\\xampp\\htdocs\\intranet3\\vendor\\laravel\\framework\\src\\Illuminate\\Foundation\\Http\\Kernel.php(116): Illuminate\\Foundation\\Http\\Kernel->sendRequestThroughRouter(Object(Illuminate\\Http\\Request))
#38 C:\\xampp\\htdocs\\intranet3\\public\\index.php(55): Illuminate\\Foundation\\Http\\Kernel->handle(Object(Illuminate\\Http\\Request))
#39 {main}
"} 
[2018-07-30 17:23:03] local.ERROR: The only supported ciphers are AES-128-CBC and AES-256-CBC with the correct key lengths. {"exception":"[object] (RuntimeException(code: 0): The only supported ciphers are AES-128-CBC and AES-256-CBC with the correct key lengths. at C:\\xampp\\htdocs\\intranet3\\vendor\\laravel\\framework\\src\\Illuminate\\Encryption\\Encrypter.php:43)
[stacktrace]
#0 C:\\xampp\\htdocs\\intranet3\\vendor\\laravel\\framework\\src\\Illuminate\\Encryption\\EncryptionServiceProvider.php(28): Illuminate\\Encryption\\Encrypter->__construct('\\xACm\\xFA\\xD8\\xEE\\x08_g\\xE80!\\v\\x8A\\xA8-...', 'AES-256-CBC')
#1 C:\\xampp\\htdocs\\intranet3\\vendor\\laravel\\framework\\src\\Illuminate\\Container\\Container.php(764): Illuminate\\Encryption\\EncryptionServiceProvider->Illuminate\\Encryption\\{closure}(Object(Illuminate\\Foundation\\Application), Array)
#2 C:\\xampp\\htdocs\\intranet3\\vendor\\laravel\\framework\\src\\Illuminate\\Container\\Container.php(646): Illuminate\\Container\\Container->build(Object(Closure))
#3 C:\\xampp\\htdocs\\intranet3\\vendor\\laravel\\framework\\src\\Illuminate\\Container\\Container.php(601): Illuminate\\Container\\Container->resolve('encrypter', Array)
#4 C:\\xampp\\htdocs\\intranet3\\vendor\\laravel\\framework\\src\\Illuminate\\Foundation\\Application.php(734): Illuminate\\Container\\Container->make('encrypter', Array)
#5 C:\\xampp\\htdocs\\intranet3\\vendor\\laravel\\framework\\src\\Illuminate\\Container\\Container.php(900): Illuminate\\Foundation\\Application->make('encrypter')
#6 C:\\xampp\\htdocs\\intranet3\\vendor\\laravel\\framework\\src\\Illuminate\\Container\\Container.php(828): Illuminate\\Container\\Container->resolveClass(Object(ReflectionParameter))
#7 C:\\xampp\\htdocs\\intranet3\\vendor\\laravel\\framework\\src\\Illuminate\\Container\\Container.php(795): Illuminate\\Container\\Container->resolveDependencies(Array)
#8 C:\\xampp\\htdocs\\intranet3\\vendor\\laravel\\framework\\src\\Illuminate\\Container\\Container.php(646): Illuminate\\Container\\Container->build('App\\\\Http\\\\Middle...')
#9 C:\\xampp\\htdocs\\intranet3\\vendor\\laravel\\framework\\src\\Illuminate\\Container\\Container.php(601): Illuminate\\Container\\Container->resolve('App\\\\Http\\\\Middle...', Array)
#10 C:\\xampp\\htdocs\\intranet3\\vendor\\laravel\\framework\\src\\Illuminate\\Foundation\\Application.php(734): Illuminate\\Container\\Container->make('App\\\\Http\\\\Middle...', Array)
#11 C:\\xampp\\htdocs\\intranet3\\vendor\\laravel\\framework\\src\\Illuminate\\Foundation\\Http\\Kernel.php(215): Illuminate\\Foundation\\Application->make('App\\\\Http\\\\Middle...')
#12 C:\\xampp\\htdocs\\intranet3\\vendor\\laravel\\framework\\src\\Illuminate\\Foundation\\Http\\Kernel.php(189): Illuminate\\Foundation\\Http\\Kernel->terminateMiddleware(Object(Illuminate\\Http\\Request), Object(Illuminate\\Http\\Response))
#13 C:\\xampp\\htdocs\\intranet3\\public\\index.php(60): Illuminate\\Foundation\\Http\\Kernel->terminate(Object(Illuminate\\Http\\Request), Object(Illuminate\\Http\\Response))
#14 {main}
"} 
[2018-07-30 17:25:51] local.ERROR: The only supported ciphers are AES-128-CBC and AES-256-CBC with the correct key lengths. {"exception":"[object] (RuntimeException(code: 0): The only supported ciphers are AES-128-CBC and AES-256-CBC with the correct key lengths. at C:\\xampp\\htdocs\\intranet3\\vendor\\laravel\\framework\\src\\Illuminate\\Encryption\\Encrypter.php:43)
[stacktrace]
#0 C:\\xampp\\htdocs\\intranet3\\vendor\\laravel\\framework\\src\\Illuminate\\Encryption\\EncryptionServiceProvider.php(28): Illuminate\\Encryption\\Encrypter->__construct('\\xACm\\xFA\\xD8\\xEE\\x08_g\\xE80!\\v\\x8A\\xA8-...', 'AES-256-CBC')
#1 C:\\xampp\\htdocs\\intranet3\\vendor\\laravel\\framework\\src\\Illuminate\\Container\\Container.php(764): Illuminate\\Encryption\\EncryptionServiceProvider->Illuminate\\Encryption\\{closure}(Object(Illuminate\\Foundation\\Application), Array)
#2 C:\\xampp\\htdocs\\intranet3\\vendor\\laravel\\framework\\src\\Illuminate\\Container\\Container.php(646): Illuminate\\Container\\Container->build(Object(Closure))
#3 C:\\xampp\\htdocs\\intranet3\\vendor\\laravel\\framework\\src\\Illuminate\\Container\\Container.php(601): Illuminate\\Container\\Container->resolve('encrypter', Array)
#4 C:\\xampp\\htdocs\\intranet3\\vendor\\laravel\\framework\\src\\Illuminate\\Foundation\\Application.php(734): Illuminate\\Container\\Container->make('encrypter', Array)
#5 C:\\xampp\\htdocs\\intranet3\\vendor\\laravel\\framework\\src\\Illuminate\\Container\\Container.php(900): Illuminate\\Foundation\\Application->make('encrypter')
#6 C:\\xampp\\htdocs\\intranet3\\vendor\\laravel\\framework\\src\\Illuminate\\Container\\Container.php(828): Illuminate\\Container\\Container->resolveClass(Object(ReflectionParameter))
#7 C:\\xampp\\htdocs\\intranet3\\vendor\\laravel\\framework\\src\\Illuminate\\Container\\Container.php(795): Illuminate\\Container\\Container->resolveDependencies(Array)
#8 C:\\xampp\\htdocs\\intranet3\\vendor\\laravel\\framework\\src\\Illuminate\\Container\\Container.php(646): Illuminate\\Container\\Container->build('App\\\\Http\\\\Middle...')
#9 C:\\xampp\\htdocs\\intranet3\\vendor\\laravel\\framework\\src\\Illuminate\\Container\\Container.php(601): Illuminate\\Container\\Container->resolve('App\\\\Http\\\\Middle...', Array)
#10 C:\\xampp\\htdocs\\intranet3\\vendor\\laravel\\framework\\src\\Illuminate\\Foundation\\Application.php(734): Illuminate\\Container\\Container->make('App\\\\Http\\\\Middle...', Array)
#11 C:\\xampp\\htdocs\\intranet3\\vendor\\laravel\\framework\\src\\Illuminate\\Pipeline\\Pipeline.php(140): Illuminate\\Foundation\\Application->make('App\\\\Http\\\\Middle...')
#12 C:\\xampp\\htdocs\\intranet3\\vendor\\laravel\\framework\\src\\Illuminate\\Routing\\Pipeline.php(53): Illuminate\\Pipeline\\Pipeline->Illuminate\\Pipeline\\{closure}(Object(Illuminate\\Http\\Request))
#13 C:\\xampp\\htdocs\\intranet3\\vendor\\laravel\\framework\\src\\Illuminate\\Pipeline\\Pipeline.php(104): Illuminate\\Routing\\Pipeline->Illuminate\\Routing\\{closure}(Object(Illuminate\\Http\\Request))
#14 C:\\xampp\\htdocs\\intranet3\\vendor\\laravel\\framework\\src\\Illuminate\\Routing\\Router.php(667): Illuminate\\Pipeline\\Pipeline->then(Object(Closure))
#15 C:\\xampp\\htdocs\\intranet3\\vendor\\laravel\\framework\\src\\Illuminate\\Routing\\Router.php(642): Illuminate\\Routing\\Router->runRouteWithinStack(Object(Illuminate\\Routing\\Route), Object(Illuminate\\Http\\Request))
#16 C:\\xampp\\htdocs\\intranet3\\vendor\\laravel\\framework\\src\\Illuminate\\Routing\\Router.php(608): Illuminate\\Routing\\Router->runRoute(Object(Illuminate\\Http\\Request), Object(Illuminate\\Routing\\Route))
#17 C:\\xampp\\htdocs\\intranet3\\vendor\\laravel\\framework\\src\\Illuminate\\Routing\\Router.php(597): Illuminate\\Routing\\Router->dispatchToRoute(Object(Illuminate\\Http\\Request))
#18 C:\\xampp\\htdocs\\intranet3\\vendor\\laravel\\framework\\src\\Illuminate\\Foundation\\Http\\Kernel.php(176): Illuminate\\Routing\\Router->dispatch(Object(Illuminate\\Http\\Request))
#19 C:\\xampp\\htdocs\\intranet3\\vendor\\laravel\\framework\\src\\Illuminate\\Routing\\Pipeline.php(30): Illuminate\\Foundation\\Http\\Kernel->Illuminate\\Foundation\\Http\\{closure}(Object(Illuminate\\Http\\Request))
#20 C:\\xampp\\htdocs\\intranet3\\vendor\\fideloper\\proxy\\src\\TrustProxies.php(57): Illuminate\\Routing\\Pipeline->Illuminate\\Routing\\{closure}(Object(Illuminate\\Http\\Request))
#21 C:\\xampp\\htdocs\\intranet3\\vendor\\laravel\\framework\\src\\Illuminate\\Pipeline\\Pipeline.php(151): Fideloper\\Proxy\\TrustProxies->handle(Object(Illuminate\\Http\\Request), Object(Closure))
#22 C:\\xampp\\htdocs\\intranet3\\vendor\\laravel\\framework\\src\\Illuminate\\Routing\\Pipeline.php(53): Illuminate\\Pipeline\\Pipeline->Illuminate\\Pipeline\\{closure}(Object(Illuminate\\Http\\Request))
#23 C:\\xampp\\htdocs\\intranet3\\vendor\\laravel\\framework\\src\\Illuminate\\Foundation\\Http\\Middleware\\TransformsRequest.php(31): Illuminate\\Routing\\Pipeline->Illuminate\\Routing\\{closure}(Object(Illuminate\\Http\\Request))
#24 C:\\xampp\\htdocs\\intranet3\\vendor\\laravel\\framework\\src\\Illuminate\\Pipeline\\Pipeline.php(151): Illuminate\\Foundation\\Http\\Middleware\\TransformsRequest->handle(Object(Illuminate\\Http\\Request), Object(Closure))
#25 C:\\xampp\\htdocs\\intranet3\\vendor\\laravel\\framework\\src\\Illuminate\\Routing\\Pipeline.php(53): Illuminate\\Pipeline\\Pipeline->Illuminate\\Pipeline\\{closure}(Object(Illuminate\\Http\\Request))
#26 C:\\xampp\\htdocs\\intranet3\\vendor\\laravel\\framework\\src\\Illuminate\\Foundation\\Http\\Middleware\\TransformsRequest.php(31): Illuminate\\Routing\\Pipeline->Illuminate\\Routing\\{closure}(Object(Illuminate\\Http\\Request))
#27 C:\\xampp\\htdocs\\intranet3\\vendor\\laravel\\framework\\src\\Illuminate\\Pipeline\\Pipeline.php(151): Illuminate\\Foundation\\Http\\Middleware\\TransformsRequest->handle(Object(Illuminate\\Http\\Request), Object(Closure))
#28 C:\\xampp\\htdocs\\intranet3\\vendor\\laravel\\framework\\src\\Illuminate\\Routing\\Pipeline.php(53): Illuminate\\Pipeline\\Pipeline->Illuminate\\Pipeline\\{closure}(Object(Illuminate\\Http\\Request))
#29 C:\\xampp\\htdocs\\intranet3\\vendor\\laravel\\framework\\src\\Illuminate\\Foundation\\Http\\Middleware\\ValidatePostSize.php(27): Illuminate\\Routing\\Pipeline->Illuminate\\Routing\\{closure}(Object(Illuminate\\Http\\Request))
#30 C:\\xampp\\htdocs\\intranet3\\vendor\\laravel\\framework\\src\\Illuminate\\Pipeline\\Pipeline.php(151): Illuminate\\Foundation\\Http\\Middleware\\ValidatePostSize->handle(Object(Illuminate\\Http\\Request), Object(Closure))
#31 C:\\xampp\\htdocs\\intranet3\\vendor\\laravel\\framework\\src\\Illuminate\\Routing\\Pipeline.php(53): Illuminate\\Pipeline\\Pipeline->Illuminate\\Pipeline\\{closure}(Object(Illuminate\\Http\\Request))
#32 C:\\xampp\\htdocs\\intranet3\\vendor\\laravel\\framework\\src\\Illuminate\\Foundation\\Http\\Middleware\\CheckForMaintenanceMode.php(62): Illuminate\\Routing\\Pipeline->Illuminate\\Routing\\{closure}(Object(Illuminate\\Http\\Request))
#33 C:\\xampp\\htdocs\\intranet3\\vendor\\laravel\\framework\\src\\Illuminate\\Pipeline\\Pipeline.php(151): Illuminate\\Foundation\\Http\\Middleware\\CheckForMaintenanceMode->handle(Object(Illuminate\\Http\\Request), Object(Closure))
#34 C:\\xampp\\htdocs\\intranet3\\vendor\\laravel\\framework\\src\\Illuminate\\Routing\\Pipeline.php(53): Illuminate\\Pipeline\\Pipeline->Illuminate\\Pipeline\\{closure}(Object(Illuminate\\Http\\Request))
#35 C:\\xampp\\htdocs\\intranet3\\vendor\\laravel\\framework\\src\\Illuminate\\Pipeline\\Pipeline.php(104): Illuminate\\Routing\\Pipeline->Illuminate\\Routing\\{closure}(Object(Illuminate\\Http\\Request))
#36 C:\\xampp\\htdocs\\intranet3\\vendor\\laravel\\framework\\src\\Illuminate\\Foundation\\Http\\Kernel.php(151): Illuminate\\Pipeline\\Pipeline->then(Object(Closure))
#37 C:\\xampp\\htdocs\\intranet3\\vendor\\laravel\\framework\\src\\Illuminate\\Foundation\\Http\\Kernel.php(116): Illuminate\\Foundation\\Http\\Kernel->sendRequestThroughRouter(Object(Illuminate\\Http\\Request))
#38 C:\\xampp\\htdocs\\intranet3\\public\\index.php(55): Illuminate\\Foundation\\Http\\Kernel->handle(Object(Illuminate\\Http\\Request))
#39 {main}
"} 
[2018-07-30 17:25:51] local.ERROR: The only supported ciphers are AES-128-CBC and AES-256-CBC with the correct key lengths. {"exception":"[object] (RuntimeException(code: 0): The only supported ciphers are AES-128-CBC and AES-256-CBC with the correct key lengths. at C:\\xampp\\htdocs\\intranet3\\vendor\\laravel\\framework\\src\\Illuminate\\Encryption\\Encrypter.php:43)
[stacktrace]
#0 C:\\xampp\\htdocs\\intranet3\\vendor\\laravel\\framework\\src\\Illuminate\\Encryption\\EncryptionServiceProvider.php(28): Illuminate\\Encryption\\Encrypter->__construct('\\xACm\\xFA\\xD8\\xEE\\x08_g\\xE80!\\v\\x8A\\xA8-...', 'AES-256-CBC')
#1 C:\\xampp\\htdocs\\intranet3\\vendor\\laravel\\framework\\src\\Illuminate\\Container\\Container.php(764): Illuminate\\Encryption\\EncryptionServiceProvider->Illuminate\\Encryption\\{closure}(Object(Illuminate\\Foundation\\Application), Array)
#2 C:\\xampp\\htdocs\\intranet3\\vendor\\laravel\\framework\\src\\Illuminate\\Container\\Container.php(646): Illuminate\\Container\\Container->build(Object(Closure))
#3 C:\\xampp\\htdocs\\intranet3\\vendor\\laravel\\framework\\src\\Illuminate\\Container\\Container.php(601): Illuminate\\Container\\Container->resolve('encrypter', Array)
#4 C:\\xampp\\htdocs\\intranet3\\vendor\\laravel\\framework\\src\\Illuminate\\Foundation\\Application.php(734): Illuminate\\Container\\Container->make('encrypter', Array)
#5 C:\\xampp\\htdocs\\intranet3\\vendor\\laravel\\framework\\src\\Illuminate\\Container\\Container.php(900): Illuminate\\Foundation\\Application->make('encrypter')
#6 C:\\xampp\\htdocs\\intranet3\\vendor\\laravel\\framework\\src\\Illuminate\\Container\\Container.php(828): Illuminate\\Container\\Container->resolveClass(Object(ReflectionParameter))
#7 C:\\xampp\\htdocs\\intranet3\\vendor\\laravel\\framework\\src\\Illuminate\\Container\\Container.php(795): Illuminate\\Container\\Container->resolveDependencies(Array)
#8 C:\\xampp\\htdocs\\intranet3\\vendor\\laravel\\framework\\src\\Illuminate\\Container\\Container.php(646): Illuminate\\Container\\Container->build('App\\\\Http\\\\Middle...')
#9 C:\\xampp\\htdocs\\intranet3\\vendor\\laravel\\framework\\src\\Illuminate\\Container\\Container.php(601): Illuminate\\Container\\Container->resolve('App\\\\Http\\\\Middle...', Array)
#10 C:\\xampp\\htdocs\\intranet3\\vendor\\laravel\\framework\\src\\Illuminate\\Foundation\\Application.php(734): Illuminate\\Container\\Container->make('App\\\\Http\\\\Middle...', Array)
#11 C:\\xampp\\htdocs\\intranet3\\vendor\\laravel\\framework\\src\\Illuminate\\Foundation\\Http\\Kernel.php(215): Illuminate\\Foundation\\Application->make('App\\\\Http\\\\Middle...')
#12 C:\\xampp\\htdocs\\intranet3\\vendor\\laravel\\framework\\src\\Illuminate\\Foundation\\Http\\Kernel.php(189): Illuminate\\Foundation\\Http\\Kernel->terminateMiddleware(Object(Illuminate\\Http\\Request), Object(Illuminate\\Http\\Response))
#13 C:\\xampp\\htdocs\\intranet3\\public\\index.php(60): Illuminate\\Foundation\\Http\\Kernel->terminate(Object(Illuminate\\Http\\Request), Object(Illuminate\\Http\\Response))
#14 {main}
"} 
